JUnit version 4.13.2
.E.E
Time: 0.514
There were 2 failures:
1) testMergeRightEnd(TestListExamples)
org.junit.runners.model.TestTimedOutException: test timed out after 500 milliseconds
	at app//ListExamples.merge(ListExamples.java:43)
	at app//TestListExamples.testMergeRightEnd(TestListExamples.java:19)
2) testFilter(TestListExamples)
java.lang.AssertionError: expected:<[a, b, c]> but was:<[c, b, a]>
	at org.junit.Assert.fail(Assert.java:89)
	at org.junit.Assert.failNotEquals(Assert.java:835)
	at org.junit.Assert.assertEquals(Assert.java:120)
	at org.junit.Assert.assertEquals(Assert.java:146)
	at TestListExamples.testFilter(TestListExamples.java:32)

FAILURES!!!
Tests run: 2,  Failures: 2

